<?xml version="1.0" encoding="UTF-8"?>
<!-- Generated by org.testng.reporters.JUnitReportReporter -->
<testsuite hostname="DESKTOP-14DTQF0" failures="0" tests="1" name="qa.test.test" time="0.010" errors="0" timestamp="27 Jan 2020 07:40:37 GMT" skipped="0">
  <testcase classname="qa.test.test" name="setUp" time="0.010"/>
</testsuite> <!-- qa.test.test -->
