<?xml version="1.0" encoding="UTF-8"?>
<!-- Generated by org.testng.reporters.JUnitReportReporter -->
<testsuite skipped="0" hostname="DESKTOP-14DTQF0" name="qa.test.DemoUnit" tests="4" failures="0" timestamp="24 Sep 2019 12:52:21 GMT" time="0.015" errors="0">
  <testcase name="difference" time="0.011" classname="qa.test.DemoUnit"/>
  <testcase name="div" time="0.000" classname="qa.test.DemoUnit"/>
  <testcase name="multiply" time="0.000" classname="qa.test.DemoUnit"/>
  <testcase name="sum" time="0.004" classname="qa.test.DemoUnit"/>
</testsuite> <!-- qa.test.DemoUnit -->
