<?xml version="1.0" encoding="UTF-8"?>
<!-- Generated by org.testng.reporters.JUnitReportReporter -->
<testsuite hostname="DESKTOP-14DTQF0" failures="0" tests="1" name="basic" time="0.008" errors="0" timestamp="27 Jan 2020 07:13:02 GMT" skipped="0">
  <testcase classname="basic" name="setUp" time="0.008"/>
</testsuite> <!-- basic -->
